<?xml version="1.0" encoding="UTF-8"?>
<!-- Generated by org.testng.reporters.JUnitReportReporter -->
<testsuite hostname="SH303331S1L" failures="0" tests="1" name="Dictionary.Dictionary.EnglishWords" time="1.107" errors="0" timestamp="2021-05-28T22:33:48 IST" skipped="0">
  <testcase classname="Dictionary.Dictionary.EnglishWords" name="EnglishWords" time="1.107"/>
  <system-out/>
</testsuite> <!-- Dictionary.Dictionary.EnglishWords -->
